2021-04-16 06:18:47,172 - instabot version: 0.117.0 (bot) - INFO - Instabot version: 0.117.0 Started
2021-04-16 06:18:47,173 - instabot version: 0.117.0 (bot) - DEBUG - Bot imported from C:\Users\idanb\Desktop\pyton Projects\instaBotyy\venv\lib\site-packages\instabot\bot\bot.py
2021-04-16 06:18:47,174 - instabot version: 0.117.0 (api_login) - INFO - Not yet logged in starting: PRE-LOGIN FLOW!
2021-04-16 06:18:47,704 - instabot version: 0.117.0 (api) - DEBUG - POST to endpoint: accounts/get_prefill_candidates/ returned response: <Response [200]>
2021-04-16 06:18:48,244 - instabot version: 0.117.0 (api) - DEBUG - POST to endpoint: qe/sync/ returned response: <Response [200]>
2021-04-16 06:18:48,764 - instabot version: 0.117.0 (api) - DEBUG - POST to endpoint: launcher/sync/ returned response: <Response [200]>
2021-04-16 06:18:49,321 - instabot version: 0.117.0 (api) - DEBUG - POST to endpoint: accounts/contact_point_prefill/ returned response: <Response [200]>
2021-04-16 06:18:51,093 - instabot version: 0.117.0 (api) - DEBUG - POST to endpoint: accounts/login/ returned response: <Response [200]>
2021-04-16 06:18:51,093 - instabot version: 0.117.0 (api) - INFO - Logged-in successfully as 'spider_modelsx'!
2021-04-16 06:18:51,093 - instabot version: 0.117.0 (api_login) - INFO - LOGIN FLOW! Just logged-in: True
2021-04-16 06:18:51,548 - instabot version: 0.117.0 (api) - DEBUG - POST to endpoint: qe/sync/ returned response: <Response [200]>
2021-04-16 06:18:52,021 - instabot version: 0.117.0 (api) - DEBUG - POST to endpoint: launcher/sync/ returned response: <Response [200]>
2021-04-16 06:18:52,520 - instabot version: 0.117.0 (api) - DEBUG - GET to endpoint: zr/token/result/?device_id=android-aca7ee9be4b31bd3&token_hash=&custom_device_id=android-aca7ee9be4b31bd3&fetch_reason=token_expired returned response: <Response [200]>
2021-04-16 06:18:53,028 - instabot version: 0.117.0 (api) - DEBUG - GET to endpoint: multiple_accounts/get_account_family/ returned response: <Response [200]>
2021-04-16 06:18:53,817 - instabot version: 0.117.0 (api) - DEBUG - POST to endpoint: qe/sync/ returned response: <Response [200]>
2021-04-16 06:18:54,504 - instabot version: 0.117.0 (api) - DEBUG - GET to endpoint: igtv/browse_feed/?prefetch=1 returned response: <Response [200]>
2021-04-16 06:18:55,367 - instabot version: 0.117.0 (api) - DEBUG - POST to endpoint: creatives/ar_class/ returned response: <Response [200]>
2021-04-16 06:18:56,033 - instabot version: 0.117.0 (api) - DEBUG - POST to endpoint: feed/reels_tray/ returned response: <Response [200]>
2021-04-16 06:18:58,113 - instabot version: 0.117.0 (api) - DEBUG - POST to endpoint: feed/timeline/ returned response: <Response [200]>
2021-04-16 06:18:58,677 - instabot version: 0.117.0 (api) - DEBUG - GET to endpoint: media/blocked/ returned response: <Response [200]>
2021-04-16 06:18:59,827 - instabot version: 0.117.0 (api) - DEBUG - GET to endpoint: news/inbox/ returned response: <Response [200]>
2021-04-16 06:19:00,800 - instabot version: 0.117.0 (api) - DEBUG - GET to endpoint: loom/fetch_config/ returned response: <Response [200]>
2021-04-16 06:19:01,546 - instabot version: 0.117.0 (api) - DEBUG - GET to endpoint: scores/bootstrap/users/?surfaces=["autocomplete_user_list","coefficient_besties_list_ranking","coefficient_rank_recipient_user_suggestion","coefficient_ios_section_test_bootstrap_ranking","coefficient_direct_recipients_ranking_variant_2"] returned response: <Response [200]>
2021-04-16 06:19:02,092 - instabot version: 0.117.0 (api) - DEBUG - GET to endpoint: business/eligibility/get_monetization_products_eligibility_data/?product_types=branded_content returned response: <Response [200]>
2021-04-16 06:19:02,584 - instabot version: 0.117.0 (api) - DEBUG - GET to endpoint: business/branded_content/should_require_professional_account/ returned response: <Response [200]>
2021-04-16 06:19:03,154 - instabot version: 0.117.0 (api) - DEBUG - GET to endpoint: linked_accounts/get_linkage_status/ returned response: <Response [200]>
2021-04-16 06:19:03,823 - instabot version: 0.117.0 (api) - DEBUG - GET to endpoint: locations/request_country/ returned response: <Response [200]>
2021-04-16 06:19:04,295 - instabot version: 0.117.0 (api) - DEBUG - GET to endpoint: qp/get_cooldowns/?signed_body=signed_body=4b9c516a5410a3bc128e09c6104a7f042146b9c2023870560c63a43a7f66781c.4&ig_sig_key_version=4&ig_sig_key_version=4 returned response: <Response [200]>
2021-04-16 06:19:04,793 - instabot version: 0.117.0 (api) - DEBUG - GET to endpoint: users/arlink_download_info/?version_override=2.2.1 returned response: <Response [200]>
2021-04-16 06:19:06,048 - instabot version: 0.117.0 (api) - DEBUG - GET to endpoint: users/44739760882/info/ returned response: <Response [200]>
2021-04-16 06:19:06,694 - instabot version: 0.117.0 (api) - DEBUG - GET to endpoint: direct_v2/get_presence/ returned response: <Response [200]>
2021-04-16 06:19:07,961 - instabot version: 0.117.0 (api) - DEBUG - GET to endpoint: direct_v2/inbox/?visual_message_return_type=unseen&thread_message_limit=10&persistentBadging=true&limit=20 returned response: <Response [200]>
2021-04-16 06:19:08,498 - instabot version: 0.117.0 (api) - DEBUG - GET to endpoint: direct_v2/inbox/?visual_message_return_type=unseen&persistentBadging=true&limit=0 returned response: <Response [200]>
2021-04-16 06:19:09,160 - instabot version: 0.117.0 (api) - DEBUG - GET to endpoint: discover/topical_explore/?is_prefetch=true&omit_cover_media=true&use_sectional_payload=true&timezone_offset=0&session_id=c26fd57e-3ba8-4430-b753-599d2a20e8ad&include_fixed_destinations=true returned response: <Response [200]>
2021-04-16 06:19:09,754 - instabot version: 0.117.0 (api) - DEBUG - POST to endpoint: notifications/badge/ returned response: <Response [200]>
2021-04-16 06:19:10,388 - instabot version: 0.117.0 (api) - DEBUG - POST to endpoint: qp/batch_fetch/ returned response: <Response [200]>
2021-04-16 06:19:10,393 - instabot version: 0.117.0 (bot_checkpoint) - DEBUG - Loading Checkpoint file from: C:\Users\idanb\Desktop\pyton Projects\instaBotyy/config/spider_modelsx.checkpoint
2021-04-16 06:19:42,759 - instabot version: 0.117.0 (api) - DEBUG - POST to endpoint: media/configure/? returned response: <Response [200]>
2021-04-16 06:19:43,252 - instabot version: 0.117.0 (api) - DEBUG - POST to endpoint: qe/expose/ returned response: <Response [200]>
2021-04-16 06:19:43,253 - instabot version: 0.117.0 (bot_photo) - INFO - Photo 'LastedPhoto.jpg' is uploaded.
2021-04-16 07:20:17,724 - instabot version: 0.117.0 (api) - DEBUG - POST to endpoint: media/configure/? returned response: <Response [200]>
2021-04-16 07:20:18,209 - instabot version: 0.117.0 (api) - DEBUG - POST to endpoint: qe/expose/ returned response: <Response [200]>
2021-04-16 07:20:18,210 - instabot version: 0.117.0 (bot_photo) - INFO - Photo 'LastedPhoto.jpg' is uploaded.
2021-04-16 08:39:47,601 - instabot version: 0.117.0 (api) - DEBUG - POST to endpoint: media/configure/? returned response: <Response [200]>
2021-04-16 08:39:48,168 - instabot version: 0.117.0 (api) - DEBUG - POST to endpoint: qe/expose/ returned response: <Response [200]>
2021-04-16 08:39:48,169 - instabot version: 0.117.0 (bot_photo) - INFO - Photo 'LastedPhoto.jpg' is uploaded.
2021-04-16 09:56:19,106 - instabot version: 0.117.0 (api) - DEBUG - POST to endpoint: media/configure/? returned response: <Response [200]>
2021-04-16 09:56:19,557 - instabot version: 0.117.0 (api) - DEBUG - POST to endpoint: qe/expose/ returned response: <Response [200]>
2021-04-16 09:56:19,557 - instabot version: 0.117.0 (bot_photo) - INFO - Photo 'LastedPhoto.jpg' is uploaded.
2021-04-16 11:14:54,995 - instabot version: 0.117.0 (api) - DEBUG - POST to endpoint: media/configure/? returned response: <Response [200]>
2021-04-16 11:14:55,441 - instabot version: 0.117.0 (api) - DEBUG - POST to endpoint: qe/expose/ returned response: <Response [200]>
2021-04-16 11:14:55,442 - instabot version: 0.117.0 (bot_photo) - INFO - Photo 'LastedPhoto.jpg' is uploaded.
2021-04-16 12:19:38,540 - instabot version: 0.117.0 (api) - DEBUG - POST to endpoint: media/configure/? returned response: <Response [200]>
2021-04-16 12:19:39,198 - instabot version: 0.117.0 (api) - DEBUG - POST to endpoint: qe/expose/ returned response: <Response [200]>
2021-04-16 12:19:39,199 - instabot version: 0.117.0 (bot_photo) - INFO - Photo 'LastedPhoto.jpg' is uploaded.
2021-04-16 13:37:11,680 - instabot version: 0.117.0 (api) - DEBUG - POST to endpoint: media/configure/? returned response: <Response [200]>
2021-04-16 13:37:13,656 - instabot version: 0.117.0 (api) - DEBUG - POST to endpoint: qe/expose/ returned response: <Response [200]>
2021-04-16 13:37:13,657 - instabot version: 0.117.0 (bot_photo) - INFO - Photo 'LastedPhoto.jpg' is uploaded.
2021-04-16 14:45:42,211 - instabot version: 0.117.0 (api) - DEBUG - POST to endpoint: media/configure/? returned response: <Response [200]>
2021-04-16 14:45:42,789 - instabot version: 0.117.0 (api) - DEBUG - POST to endpoint: qe/expose/ returned response: <Response [200]>
2021-04-16 14:45:42,790 - instabot version: 0.117.0 (bot_photo) - INFO - Photo 'LastedPhoto.jpg' is uploaded.
2021-04-16 16:16:14,327 - instabot version: 0.117.0 (api) - DEBUG - POST to endpoint: media/configure/? returned response: <Response [200]>
2021-04-16 16:16:14,900 - instabot version: 0.117.0 (api) - DEBUG - POST to endpoint: qe/expose/ returned response: <Response [200]>
2021-04-16 16:16:14,901 - instabot version: 0.117.0 (bot_photo) - INFO - Photo 'LastedPhoto.jpg' is uploaded.
2021-04-16 17:37:55,410 - instabot version: 0.117.0 (api) - DEBUG - POST to endpoint: media/configure/? returned response: <Response [200]>
2021-04-16 17:37:56,182 - instabot version: 0.117.0 (api) - DEBUG - POST to endpoint: qe/expose/ returned response: <Response [200]>
2021-04-16 17:37:56,185 - instabot version: 0.117.0 (bot_photo) - INFO - Photo 'LastedPhoto.jpg' is uploaded.
2021-04-16 19:06:29,040 - instabot version: 0.117.0 (api) - DEBUG - POST to endpoint: media/configure/? returned response: <Response [200]>
2021-04-16 19:06:30,057 - instabot version: 0.117.0 (api) - DEBUG - POST to endpoint: qe/expose/ returned response: <Response [200]>
2021-04-16 19:06:30,058 - instabot version: 0.117.0 (bot_photo) - INFO - Photo 'LastedPhoto.jpg' is uploaded.
2021-04-16 20:12:09,080 - instabot version: 0.117.0 (api) - DEBUG - POST to endpoint: media/configure/? returned response: <Response [200]>
2021-04-16 20:12:09,695 - instabot version: 0.117.0 (api) - DEBUG - POST to endpoint: qe/expose/ returned response: <Response [200]>
2021-04-16 20:12:09,696 - instabot version: 0.117.0 (bot_photo) - INFO - Photo 'LastedPhoto.jpg' is uploaded.
2021-04-16 21:56:09,391 - instabot version: 0.117.0 (bot_checkpoint) - DEBUG - Saving Checkpoint file to: C:\Users\idanb\Desktop\pyton Projects\instaBotyy/config/spider_modelsx.checkpoint
2021-04-16 21:56:09,410 - instabot version: 0.117.0 (bot) - INFO - Total requests: 55
